app/build/intermediates/manifest_merge_blame_file/debug/manifest-merger-blame-debug-report.txt
1<?xml version="1.0" encoding="utf-8"?>
2<manifest xmlns:android="http://schemas.android.com/apk/res/android"
3    package="com.test.ecommerceft"
4    android:versionCode="1"
5    android:versionName="1.0" >
6
7    <uses-sdk
8        android:minSdkVersion="21"
8-->src\main\AndroidManifest.xml
9        android:targetSdkVersion="29" />
9-->src\main\AndroidManifest.xml
10
11    <!-- Required permission for App measurement to run. -->
12    <uses-permission android:name="android.permission.INTERNET" />
12-->[com.google.firebase:firebase-analytics:9.0.0] AndroidManifest.xml:21:5-67
12-->[com.google.firebase:firebase-analytics:9.0.0] AndroidManifest.xml:21:22-64
13    <uses-permission android:name="android.permission.ACCESS_NETWORK_STATE" /> <!-- Optional permission for App measurement to run. -->
13-->[com.google.firebase:firebase-analytics:9.0.0] AndroidManifest.xml:22:5-79
13-->[com.google.firebase:firebase-analytics:9.0.0] AndroidManifest.xml:22:22-76
14    <uses-permission android:name="android.permission.WAKE_LOCK" />
14-->[com.google.firebase:firebase-analytics:9.0.0] AndroidManifest.xml:24:5-67
14-->[com.google.firebase:firebase-analytics:9.0.0] AndroidManifest.xml:24:22-65
15    <uses-permission android:name="com.google.android.c2dm.permission.RECEIVE" />
15-->[com.google.firebase:firebase-iid:9.0.0] AndroidManifest.xml:23:5-82
15-->[com.google.firebase:firebase-iid:9.0.0] AndroidManifest.xml:23:22-79
16
17    <permission
17-->[com.google.firebase:firebase-iid:9.0.0] AndroidManifest.xml:25:5-26:47
18        android:name="com.test.ecommerceft.permission.C2D_MESSAGE"
18-->[com.google.firebase:firebase-iid:9.0.0] AndroidManifest.xml:25:17-71
19        android:protectionLevel="signature" />
19-->[com.google.firebase:firebase-iid:9.0.0] AndroidManifest.xml:26:9-44
20
21    <uses-permission android:name="com.test.ecommerceft.permission.C2D_MESSAGE" />
21-->[com.google.firebase:firebase-iid:9.0.0] AndroidManifest.xml:28:5-79
21-->[com.google.firebase:firebase-iid:9.0.0] AndroidManifest.xml:28:22-76
22
23    <application
23-->src\main\AndroidManifest.xml:5:5-25:19
24        android:allowBackup="false"
24-->src\main\AndroidManifest.xml:6:9-36
25        android:appComponentFactory="androidx.core.app.CoreComponentFactory"
25-->[androidx.core:core:1.0.0] AndroidManifest.xml:22:18-86
26        android:debuggable="true"
27        android:icon="@drawable/ic_add_shopping_cart_black_24dp"
27-->src\main\AndroidManifest.xml:7:9-65
28        android:label="@string/app_name"
28-->src\main\AndroidManifest.xml:8:9-41
29        android:roundIcon="@drawable/ic_add_shopping_cart_black_24dp"
29-->src\main\AndroidManifest.xml:9:9-70
30        android:supportsRtl="true"
30-->src\main\AndroidManifest.xml:10:9-35
31        android:testOnly="true"
32        android:theme="@style/AppTheme" >
32-->src\main\AndroidManifest.xml:11:9-40
33        <activity android:name="com.test.ecommerceft.SummaryActivity" />
33-->src\main\AndroidManifest.xml:12:9-62
33-->src\main\AndroidManifest.xml:12:19-50
34        <activity android:name="com.test.ecommerceft.ItemDetailActivity" />
34-->src\main\AndroidManifest.xml:13:9-56
34-->src\main\AndroidManifest.xml:13:19-53
35        <activity
35-->src\main\AndroidManifest.xml:14:9-22:20
36            android:name="com.test.ecommerceft.MainActivity"
36-->src\main\AndroidManifest.xml:15:13-41
37            android:theme="@style/AppTheme.NoActionBar" >
37-->src\main\AndroidManifest.xml:16:13-56
38            <intent-filter>
38-->src\main\AndroidManifest.xml:17:13-21:29
39                <action android:name="android.intent.action.MAIN" />
39-->src\main\AndroidManifest.xml:18:17-69
39-->src\main\AndroidManifest.xml:18:25-66
40
41                <category android:name="android.intent.category.LAUNCHER" />
41-->src\main\AndroidManifest.xml:20:17-77
41-->src\main\AndroidManifest.xml:20:27-74
42            </intent-filter>
43        </activity>
44        <activity android:name="com.test.ecommerceft.CartActivity" />
44-->src\main\AndroidManifest.xml:23:9-50
44-->src\main\AndroidManifest.xml:23:19-47
45        <activity android:name="com.test.ecommerceft.OrdersActivity" />
45-->src\main\AndroidManifest.xml:24:9-52
45-->src\main\AndroidManifest.xml:24:19-49
46
47        <receiver
47-->[com.google.firebase:firebase-analytics:9.0.0] AndroidManifest.xml:28:7-34:18
48            android:name="com.google.android.gms.measurement.AppMeasurementReceiver"
48-->[com.google.firebase:firebase-analytics:9.0.0] AndroidManifest.xml:29:11-83
49            android:enabled="true" >
49-->[com.google.firebase:firebase-analytics:9.0.0] AndroidManifest.xml:30:11-33
50            <intent-filter>
50-->[com.google.firebase:firebase-analytics:9.0.0] AndroidManifest.xml:31:9-33:25
51                <action android:name="com.google.android.gms.measurement.UPLOAD" />
51-->[com.google.firebase:firebase-analytics:9.0.0] AndroidManifest.xml:32:11-77
51-->[com.google.firebase:firebase-analytics:9.0.0] AndroidManifest.xml:32:19-75
52            </intent-filter>
53        </receiver>
54
55        <service
55-->[com.google.firebase:firebase-analytics:9.0.0] AndroidManifest.xml:36:7-39:37
56            android:name="com.google.android.gms.measurement.AppMeasurementService"
56-->[com.google.firebase:firebase-analytics:9.0.0] AndroidManifest.xml:37:11-82
57            android:enabled="true"
57-->[com.google.firebase:firebase-analytics:9.0.0] AndroidManifest.xml:38:11-33
58            android:exported="false" />
58-->[com.google.firebase:firebase-analytics:9.0.0] AndroidManifest.xml:39:11-35
59
60        <activity
60-->[com.google.android.gms:play-services-base:9.0.0] AndroidManifest.xml:20:9-22:45
61            android:name="com.google.android.gms.common.api.GoogleApiActivity"
61-->[com.google.android.gms:play-services-base:9.0.0] AndroidManifest.xml:20:19-85
62            android:exported="false"
62-->[com.google.android.gms:play-services-base:9.0.0] AndroidManifest.xml:22:19-43
63            android:theme="@android:style/Theme.Translucent.NoTitleBar" />
63-->[com.google.android.gms:play-services-base:9.0.0] AndroidManifest.xml:21:19-78
64
65        <receiver
65-->[com.google.firebase:firebase-iid:9.0.0] AndroidManifest.xml:32:9-41:20
66            android:name="com.google.firebase.iid.FirebaseInstanceIdReceiver"
66-->[com.google.firebase:firebase-iid:9.0.0] AndroidManifest.xml:33:13-78
67            android:exported="true"
67-->[com.google.firebase:firebase-iid:9.0.0] AndroidManifest.xml:34:13-36
68            android:permission="com.google.android.c2dm.permission.SEND" >
68-->[com.google.firebase:firebase-iid:9.0.0] AndroidManifest.xml:35:13-73
69            <intent-filter>
69-->[com.google.firebase:firebase-iid:9.0.0] AndroidManifest.xml:36:13-40:29
70                <action android:name="com.google.android.c2dm.intent.RECEIVE" />
70-->[com.google.firebase:firebase-iid:9.0.0] AndroidManifest.xml:37:17-81
70-->[com.google.firebase:firebase-iid:9.0.0] AndroidManifest.xml:37:25-78
71                <action android:name="com.google.android.c2dm.intent.REGISTRATION" />
71-->[com.google.firebase:firebase-iid:9.0.0] AndroidManifest.xml:38:17-86
71-->[com.google.firebase:firebase-iid:9.0.0] AndroidManifest.xml:38:25-83
72
73                <category android:name="com.test.ecommerceft" />
73-->[com.google.firebase:firebase-iid:9.0.0] AndroidManifest.xml:39:17-61
73-->[com.google.firebase:firebase-iid:9.0.0] AndroidManifest.xml:39:27-58
74            </intent-filter>
75        </receiver>
76        <!--
77 Internal (not exported) receiver used by the app to start its own exported services
78             without risk of being spoofed.
79        -->
80        <receiver
80-->[com.google.firebase:firebase-iid:9.0.0] AndroidManifest.xml:45:9-47:40
81            android:name="com.google.firebase.iid.FirebaseInstanceIdInternalReceiver"
81-->[com.google.firebase:firebase-iid:9.0.0] AndroidManifest.xml:46:13-86
82            android:exported="false" />
82-->[com.google.firebase:firebase-iid:9.0.0] AndroidManifest.xml:47:13-37
83        <!--
84 FirebaseInstanceIdService performs security checks at runtime,
85             no need for explicit permissions despite exported="true"
86        -->
87        <service
87-->[com.google.firebase:firebase-iid:9.0.0] AndroidManifest.xml:51:9-57:19
88            android:name="com.google.firebase.iid.FirebaseInstanceIdService"
88-->[com.google.firebase:firebase-iid:9.0.0] AndroidManifest.xml:52:13-77
89            android:exported="true" >
89-->[com.google.firebase:firebase-iid:9.0.0] AndroidManifest.xml:53:13-36
90            <intent-filter android:priority="-500" >
90-->[com.google.firebase:firebase-iid:9.0.0] AndroidManifest.xml:54:13-56:29
90-->[com.google.firebase:firebase-iid:9.0.0] AndroidManifest.xml:54:28-51
91                <action android:name="com.google.firebase.INSTANCE_ID_EVENT" />
91-->[com.google.firebase:firebase-iid:9.0.0] AndroidManifest.xml:55:17-80
91-->[com.google.firebase:firebase-iid:9.0.0] AndroidManifest.xml:55:25-77
92            </intent-filter>
93        </service>
94
95        <provider
95-->[com.google.firebase:firebase-common:9.0.0] AndroidManifest.xml:7:9-11:39
96            android:name="com.google.firebase.provider.FirebaseInitProvider"
96-->[com.google.firebase:firebase-common:9.0.0] AndroidManifest.xml:9:13-58
97            android:authorities="com.test.ecommerceft.firebaseinitprovider"
97-->[com.google.firebase:firebase-common:9.0.0] AndroidManifest.xml:8:13-72
98            android:exported="false"
98-->[com.google.firebase:firebase-common:9.0.0] AndroidManifest.xml:10:13-37
99            android:initOrder="100" />
99-->[com.google.firebase:firebase-common:9.0.0] AndroidManifest.xml:11:13-36
100
101        <meta-data
101-->[com.google.android.gms:play-services-basement:9.0.0] AndroidManifest.xml:21:9-23:69
102            android:name="com.google.android.gms.version"
102-->[com.google.android.gms:play-services-basement:9.0.0] AndroidManifest.xml:22:13-58
103            android:value="@integer/google_play_services_version" />
103-->[com.google.android.gms:play-services-basement:9.0.0] AndroidManifest.xml:23:13-66
104    </application>
105
106</manifest>